#-----------------------------------------------------------
# Vivado v2018.1 (64-bit)
# SW Build 2188600 on Wed Apr  4 18:40:38 MDT 2018
# IP Build 2185939 on Wed Apr  4 20:55:05 MDT 2018
# Start of session at: Tue Sep 18 23:33:47 2018
# Process ID: 13780
# Current directory: E:/Verilog Project/Architecture/MCPU
# Command line: vivado.exe -gui_launcher_event rodinguilauncherevent8516 E:\Verilog Project\Architecture\MCPU\MCPU.xpr
# Log file: E:/Verilog Project/Architecture/MCPU/vivado.log
# Journal file: E:/Verilog Project/Architecture/MCPU\vivado.jou
#-----------------------------------------------------------
start_gui
open_project {E:/Verilog Project/Architecture/MCPU/MCPU.xpr}
Scanning sources...
Finished scanning sources
INFO: [IP_Flow 19-234] Refreshing IP repositories
INFO: [IP_Flow 19-1704] No user IP repositories specified
INFO: [IP_Flow 19-2313] Loaded Vivado IP repository 'D:/XiLinx/Vivado/Vivado/2018.1/data/ip'.
open_project: Time (s): cpu = 00:00:14 ; elapsed = 00:00:09 . Memory (MB): peak = 872.836 ; gain = 139.578
update_compile_order -fileset sources_1
