#-----------------------------------------------------------
# Vivado v2018.1 (64-bit)
# SW Build 2188600 on Wed Apr  4 18:40:38 MDT 2018
# IP Build 2185939 on Wed Apr  4 20:55:05 MDT 2018
# Start of session at: Mon Sep 24 22:31:54 2018
# Process ID: 6948
# Current directory: E:/Verilog Project/Architecture/MCPU
# Command line: vivado.exe -gui_launcher_event rodinguilauncherevent19296 E:\Verilog Project\Architecture\MCPU\MCPU.xpr
# Log file: E:/Verilog Project/Architecture/MCPU/vivado.log
# Journal file: E:/Verilog Project/Architecture/MCPU\vivado.jou
#-----------------------------------------------------------
start_gui
open_project {E:/Verilog Project/Architecture/MCPU/MCPU.xpr}
Scanning sources...
Finished scanning sources
INFO: [IP_Flow 19-234] Refreshing IP repositories
INFO: [IP_Flow 19-1704] No user IP repositories specified
INFO: [IP_Flow 19-2313] Loaded Vivado IP repository 'D:/XiLinx/Vivado/Vivado/2018.1/data/ip'.
open_project: Time (s): cpu = 00:00:15 ; elapsed = 00:00:12 . Memory (MB): peak = 880.480 ; gain = 142.098
update_compile_order -fileset sources_1
exit
INFO: [Common 17-206] Exiting Vivado at Tue Sep 25 00:05:56 2018...
