#-----------------------------------------------------------
# Vivado v2018.1 (64-bit)
# SW Build 2188600 on Wed Apr  4 18:40:38 MDT 2018
# IP Build 2185939 on Wed Apr  4 20:55:05 MDT 2018
# Start of session at: Sat Sep 22 22:36:26 2018
# Process ID: 12168
# Current directory: E:/Verilog Project/Architecture/MCPU
# Command line: vivado.exe -gui_launcher_event rodinguilauncherevent1332 E:\Verilog Project\Architecture\MCPU\MCPU.xpr
# Log file: E:/Verilog Project/Architecture/MCPU/vivado.log
# Journal file: E:/Verilog Project/Architecture/MCPU\vivado.jou
#-----------------------------------------------------------
start_gui
open_project {E:/Verilog Project/Architecture/MCPU/MCPU.xpr}
Scanning sources...
Finished scanning sources
INFO: [IP_Flow 19-234] Refreshing IP repositories
INFO: [IP_Flow 19-1704] No user IP repositories specified
INFO: [IP_Flow 19-2313] Loaded Vivado IP repository 'D:/XiLinx/Vivado/Vivado/2018.1/data/ip'.
open_project: Time (s): cpu = 00:00:15 ; elapsed = 00:00:11 . Memory (MB): peak = 881.660 ; gain = 150.875
update_compile_order -fileset sources_1
close [ open {E:/Verilog Project/Architecture/MCPU/MCPU.srcs/sources_1/new/Debug.v} w ]
add_files {{E:/Verilog Project/Architecture/MCPU/MCPU.srcs/sources_1/new/Debug.v}}
update_compile_order -fileset sources_1
exit
INFO: [Common 17-206] Exiting Vivado at Mon Sep 24 00:49:16 2018...
