
*** Running vivado
    with args -log VRAM.vds -m64 -product Vivado -mode batch -messageDb vivado.pb -notrace -source VRAM.tcl


****** Vivado v2018.1 (64-bit)
  **** SW Build 2188600 on Wed Apr  4 18:40:38 MDT 2018
  **** IP Build 2185939 on Wed Apr  4 20:55:05 MDT 2018
    ** Copyright 1986-2018 Xilinx, Inc. All Rights Reserved.

source VRAM.tcl -notrace
Command: synth_design -top VRAM -part xc7k325tffg676-1 -mode out_of_context
Starting synth_design
Attempting to get a license for feature 'Synthesis' and/or device 'xc7k325t'
INFO: [Common 17-349] Got license for feature 'Synthesis' and/or device 'xc7k325t'
INFO: Launching helper process for spawning children vivado processes
INFO: Helper process launched with PID 10700 
---------------------------------------------------------------------------------
Starting RTL Elaboration : Time (s): cpu = 00:00:09 ; elapsed = 00:00:11 . Memory (MB): peak = 447.680 ; gain = 96.805
---------------------------------------------------------------------------------
INFO: [Synth 8-638] synthesizing module 'VRAM' [e:/Verilog Project/Architecture/MCPU/MCPU.srcs/sources_1/ip/VRAM/synth/VRAM.vhd:69]
	Parameter C_FAMILY bound to: kintex7 - type: string 
	Parameter C_XDEVICEFAMILY bound to: kintex7 - type: string 
	Parameter C_ELABORATION_DIR bound to: ./ - type: string 
	Parameter C_INTERFACE_TYPE bound to: 0 - type: integer 
	Parameter C_AXI_TYPE bound to: 1 - type: integer 
	Parameter C_AXI_SLAVE_TYPE bound to: 0 - type: integer 
	Parameter C_USE_BRAM_BLOCK bound to: 0 - type: integer 
	Parameter C_ENABLE_32BIT_ADDRESS bound to: 0 - type: integer 
	Parameter C_CTRL_ECC_ALGO bound to: NONE - type: string 
	Parameter C_HAS_AXI_ID bound to: 0 - type: integer 
	Parameter C_AXI_ID_WIDTH bound to: 4 - type: integer 
	Parameter C_MEM_TYPE bound to: 0 - type: integer 
	Parameter C_BYTE_SIZE bound to: 9 - type: integer 
	Parameter C_ALGORITHM bound to: 1 - type: integer 
	Parameter C_PRIM_TYPE bound to: 1 - type: integer 
	Parameter C_LOAD_INIT_FILE bound to: 1 - type: integer 
	Parameter C_INIT_FILE_NAME bound to: VRAM.mif - type: string 
	Parameter C_INIT_FILE bound to: VRAM.mem - type: string 
	Parameter C_USE_DEFAULT_DATA bound to: 0 - type: integer 
	Parameter C_DEFAULT_DATA bound to: 0 - type: string 
	Parameter C_HAS_RSTA bound to: 0 - type: integer 
	Parameter C_RST_PRIORITY_A bound to: CE - type: string 
	Parameter C_RSTRAM_A bound to: 0 - type: integer 
	Parameter C_INITA_VAL bound to: 0 - type: string 
	Parameter C_HAS_ENA bound to: 0 - type: integer 
	Parameter C_HAS_REGCEA bound to: 0 - type: integer 
	Parameter C_USE_BYTE_WEA bound to: 0 - type: integer 
	Parameter C_WEA_WIDTH bound to: 1 - type: integer 
	Parameter C_WRITE_MODE_A bound to: WRITE_FIRST - type: string 
	Parameter C_WRITE_WIDTH_A bound to: 12 - type: integer 
	Parameter C_READ_WIDTH_A bound to: 12 - type: integer 
	Parameter C_WRITE_DEPTH_A bound to: 307200 - type: integer 
	Parameter C_READ_DEPTH_A bound to: 307200 - type: integer 
	Parameter C_ADDRA_WIDTH bound to: 19 - type: integer 
	Parameter C_HAS_RSTB bound to: 0 - type: integer 
	Parameter C_RST_PRIORITY_B bound to: CE - type: string 
	Parameter C_RSTRAM_B bound to: 0 - type: integer 
	Parameter C_INITB_VAL bound to: 0 - type: string 
	Parameter C_HAS_ENB bound to: 0 - type: integer 
	Parameter C_HAS_REGCEB bound to: 0 - type: integer 
	Parameter C_USE_BYTE_WEB bound to: 0 - type: integer 
	Parameter C_WEB_WIDTH bound to: 1 - type: integer 
	Parameter C_WRITE_MODE_B bound to: WRITE_FIRST - type: string 
	Parameter C_WRITE_WIDTH_B bound to: 12 - type: integer 
	Parameter C_READ_WIDTH_B bound to: 12 - type: integer 
	Parameter C_WRITE_DEPTH_B bound to: 307200 - type: integer 
	Parameter C_READ_DEPTH_B bound to: 307200 - type: integer 
	Parameter C_ADDRB_WIDTH bound to: 19 - type: integer 
	Parameter C_HAS_MEM_OUTPUT_REGS_A bound to: 1 - type: integer 
	Parameter C_HAS_MEM_OUTPUT_REGS_B bound to: 0 - type: integer 
	Parameter C_HAS_MUX_OUTPUT_REGS_A bound to: 0 - type: integer 
	Parameter C_HAS_MUX_OUTPUT_REGS_B bound to: 0 - type: integer 
	Parameter C_MUX_PIPELINE_STAGES bound to: 0 - type: integer 
	Parameter C_HAS_SOFTECC_INPUT_REGS_A bound to: 0 - type: integer 
	Parameter C_HAS_SOFTECC_OUTPUT_REGS_B bound to: 0 - type: integer 
	Parameter C_USE_SOFTECC bound to: 0 - type: integer 
	Parameter C_USE_ECC bound to: 0 - type: integer 
	Parameter C_EN_ECC_PIPE bound to: 0 - type: integer 
	Parameter C_HAS_INJECTERR bound to: 0 - type: integer 
	Parameter C_SIM_COLLISION_CHECK bound to: ALL - type: string 
	Parameter C_COMMON_CLK bound to: 0 - type: integer 
	Parameter C_DISABLE_WARN_BHV_COLL bound to: 0 - type: integer 
	Parameter C_EN_SLEEP_PIN bound to: 0 - type: integer 
	Parameter C_USE_URAM bound to: 0 - type: integer 
	Parameter C_EN_RDADDRA_CHG bound to: 0 - type: integer 
	Parameter C_EN_RDADDRB_CHG bound to: 0 - type: integer 
	Parameter C_EN_DEEPSLEEP_PIN bound to: 0 - type: integer 
	Parameter C_EN_SHUTDOWN_PIN bound to: 0 - type: integer 
	Parameter C_EN_SAFETY_CKT bound to: 0 - type: integer 
	Parameter C_DISABLE_WARN_BHV_RANGE bound to: 0 - type: integer 
	Parameter C_COUNT_36K_BRAM bound to: 103 - type: string 
	Parameter C_COUNT_18K_BRAM bound to: 1 - type: string 
	Parameter C_EST_POWER_SUMMARY bound to: Estimated Power for IP     :     9.415149 mW - type: string 
INFO: [Synth 8-3491] module 'blk_mem_gen_v8_4_1' declared at 'e:/Verilog Project/Architecture/MCPU/MCPU.srcs/sources_1/ip/VRAM/hdl/blk_mem_gen_v8_4_vhsyn_rfs.vhd:195313' bound to instance 'U0' of component 'blk_mem_gen_v8_4_1' [e:/Verilog Project/Architecture/MCPU/MCPU.srcs/sources_1/ip/VRAM/synth/VRAM.vhd:232]
INFO: [Synth 8-256] done synthesizing module 'VRAM' (11#1) [e:/Verilog Project/Architecture/MCPU/MCPU.srcs/sources_1/ip/VRAM/synth/VRAM.vhd:69]
WARNING: [Synth 8-3331] design blk_mem_gen_mux__parameterized0 has unconnected port MUX_RST[0]
WARNING: [Synth 8-3331] design blk_mem_gen_mux__parameterized0 has unconnected port MEM_LAT_RST
WARNING: [Synth 8-3331] design blk_mem_gen_mux__parameterized0 has unconnected port MEM_REG_RST
WARNING: [Synth 8-3331] design blk_mem_gen_mux__parameterized0 has unconnected port MUX_REGCE[0]
WARNING: [Synth 8-3331] design blk_mem_gen_mux__parameterized0 has unconnected port MEM_REGCE
WARNING: [Synth 8-3331] design blk_mem_gen_mux__parameterized0 has unconnected port WE
WARNING: [Synth 8-3331] design blk_mem_gen_mux__parameterized0 has unconnected port ADDR_IN[18]
WARNING: [Synth 8-3331] design blk_mem_gen_mux__parameterized0 has unconnected port ADDR_IN[17]
WARNING: [Synth 8-3331] design blk_mem_gen_mux__parameterized0 has unconnected port ADDR_IN[16]
WARNING: [Synth 8-3331] design blk_mem_gen_mux__parameterized0 has unconnected port ADDR_IN[15]
WARNING: [Synth 8-3331] design blk_mem_gen_mux__parameterized0 has unconnected port ADDR_IN[14]
WARNING: [Synth 8-3331] design blk_mem_gen_mux__parameterized0 has unconnected port ADDR_IN[13]
WARNING: [Synth 8-3331] design blk_mem_gen_mux__parameterized0 has unconnected port ADDR_IN[12]
WARNING: [Synth 8-3331] design blk_mem_gen_mux__parameterized0 has unconnected port ADDR_IN[11]
WARNING: [Synth 8-3331] design blk_mem_gen_mux__parameterized0 has unconnected port ADDR_IN[10]
WARNING: [Synth 8-3331] design blk_mem_gen_mux__parameterized0 has unconnected port ADDR_IN[9]
WARNING: [Synth 8-3331] design blk_mem_gen_mux__parameterized0 has unconnected port ADDR_IN[8]
WARNING: [Synth 8-3331] design blk_mem_gen_mux__parameterized0 has unconnected port ADDR_IN[7]
WARNING: [Synth 8-3331] design blk_mem_gen_mux__parameterized0 has unconnected port ADDR_IN[6]
WARNING: [Synth 8-3331] design blk_mem_gen_mux__parameterized0 has unconnected port ADDR_IN[5]
WARNING: [Synth 8-3331] design blk_mem_gen_mux__parameterized0 has unconnected port ADDR_IN[4]
WARNING: [Synth 8-3331] design blk_mem_gen_mux__parameterized0 has unconnected port ADDR_IN[3]
WARNING: [Synth 8-3331] design blk_mem_gen_mux__parameterized0 has unconnected port ADDR_IN[2]
WARNING: [Synth 8-3331] design blk_mem_gen_mux__parameterized0 has unconnected port ADDR_IN[1]
WARNING: [Synth 8-3331] design blk_mem_gen_mux__parameterized0 has unconnected port ADDR_IN[0]
WARNING: [Synth 8-3331] design blk_mem_gen_mux__parameterized0 has unconnected port SBITERRIN[1535]
WARNING: [Synth 8-3331] design blk_mem_gen_mux__parameterized0 has unconnected port SBITERRIN[1534]
WARNING: [Synth 8-3331] design blk_mem_gen_mux__parameterized0 has unconnected port SBITERRIN[1533]
WARNING: [Synth 8-3331] design blk_mem_gen_mux__parameterized0 has unconnected port SBITERRIN[1532]
WARNING: [Synth 8-3331] design blk_mem_gen_mux__parameterized0 has unconnected port SBITERRIN[1531]
WARNING: [Synth 8-3331] design blk_mem_gen_mux__parameterized0 has unconnected port SBITERRIN[1530]
WARNING: [Synth 8-3331] design blk_mem_gen_mux__parameterized0 has unconnected port SBITERRIN[1529]
WARNING: [Synth 8-3331] design blk_mem_gen_mux__parameterized0 has unconnected port SBITERRIN[1528]
WARNING: [Synth 8-3331] design blk_mem_gen_mux__parameterized0 has unconnected port SBITERRIN[1527]
WARNING: [Synth 8-3331] design blk_mem_gen_mux__parameterized0 has unconnected port SBITERRIN[1526]
WARNING: [Synth 8-3331] design blk_mem_gen_mux__parameterized0 has unconnected port SBITERRIN[1525]
WARNING: [Synth 8-3331] design blk_mem_gen_mux__parameterized0 has unconnected port SBITERRIN[1524]
WARNING: [Synth 8-3331] design blk_mem_gen_mux__parameterized0 has unconnected port SBITERRIN[1523]
WARNING: [Synth 8-3331] design blk_mem_gen_mux__parameterized0 has unconnected port SBITERRIN[1522]
WARNING: [Synth 8-3331] design blk_mem_gen_mux__parameterized0 has unconnected port SBITERRIN[1521]
WARNING: [Synth 8-3331] design blk_mem_gen_mux__parameterized0 has unconnected port SBITERRIN[1520]
WARNING: [Synth 8-3331] design blk_mem_gen_mux__parameterized0 has unconnected port SBITERRIN[1519]
WARNING: [Synth 8-3331] design blk_mem_gen_mux__parameterized0 has unconnected port SBITERRIN[1518]
WARNING: [Synth 8-3331] design blk_mem_gen_mux__parameterized0 has unconnected port SBITERRIN[1517]
WARNING: [Synth 8-3331] design blk_mem_gen_mux__parameterized0 has unconnected port SBITERRIN[1516]
WARNING: [Synth 8-3331] design blk_mem_gen_mux__parameterized0 has unconnected port SBITERRIN[1515]
WARNING: [Synth 8-3331] design blk_mem_gen_mux__parameterized0 has unconnected port SBITERRIN[1514]
WARNING: [Synth 8-3331] design blk_mem_gen_mux__parameterized0 has unconnected port SBITERRIN[1513]
WARNING: [Synth 8-3331] design blk_mem_gen_mux__parameterized0 has unconnected port SBITERRIN[1512]
WARNING: [Synth 8-3331] design blk_mem_gen_mux__parameterized0 has unconnected port SBITERRIN[1511]
WARNING: [Synth 8-3331] design blk_mem_gen_mux__parameterized0 has unconnected port SBITERRIN[1510]
WARNING: [Synth 8-3331] design blk_mem_gen_mux__parameterized0 has unconnected port SBITERRIN[1509]
WARNING: [Synth 8-3331] design blk_mem_gen_mux__parameterized0 has unconnected port SBITERRIN[1508]
WARNING: [Synth 8-3331] design blk_mem_gen_mux__parameterized0 has unconnected port SBITERRIN[1507]
WARNING: [Synth 8-3331] design blk_mem_gen_mux__parameterized0 has unconnected port SBITERRIN[1506]
WARNING: [Synth 8-3331] design blk_mem_gen_mux__parameterized0 has unconnected port SBITERRIN[1505]
WARNING: [Synth 8-3331] design blk_mem_gen_mux__parameterized0 has unconnected port SBITERRIN[1504]
WARNING: [Synth 8-3331] design blk_mem_gen_mux__parameterized0 has unconnected port SBITERRIN[1503]
WARNING: [Synth 8-3331] design blk_mem_gen_mux__parameterized0 has unconnected port SBITERRIN[1502]
WARNING: [Synth 8-3331] design blk_mem_gen_mux__parameterized0 has unconnected port SBITERRIN[1501]
WARNING: [Synth 8-3331] design blk_mem_gen_mux__parameterized0 has unconnected port SBITERRIN[1500]
WARNING: [Synth 8-3331] design blk_mem_gen_mux__parameterized0 has unconnected port SBITERRIN[1499]
WARNING: [Synth 8-3331] design blk_mem_gen_mux__parameterized0 has unconnected port SBITERRIN[1498]
WARNING: [Synth 8-3331] design blk_mem_gen_mux__parameterized0 has unconnected port SBITERRIN[1497]
WARNING: [Synth 8-3331] design blk_mem_gen_mux__parameterized0 has unconnected port SBITERRIN[1496]
WARNING: [Synth 8-3331] design blk_mem_gen_mux__parameterized0 has unconnected port SBITERRIN[1495]
WARNING: [Synth 8-3331] design blk_mem_gen_mux__parameterized0 has unconnected port SBITERRIN[1494]
WARNING: [Synth 8-3331] design blk_mem_gen_mux__parameterized0 has unconnected port SBITERRIN[1493]
WARNING: [Synth 8-3331] design blk_mem_gen_mux__parameterized0 has unconnected port SBITERRIN[1492]
WARNING: [Synth 8-3331] design blk_mem_gen_mux__parameterized0 has unconnected port SBITERRIN[1491]
WARNING: [Synth 8-3331] design blk_mem_gen_mux__parameterized0 has unconnected port SBITERRIN[1490]
WARNING: [Synth 8-3331] design blk_mem_gen_mux__parameterized0 has unconnected port SBITERRIN[1489]
WARNING: [Synth 8-3331] design blk_mem_gen_mux__parameterized0 has unconnected port SBITERRIN[1488]
WARNING: [Synth 8-3331] design blk_mem_gen_mux__parameterized0 has unconnected port SBITERRIN[1487]
WARNING: [Synth 8-3331] design blk_mem_gen_mux__parameterized0 has unconnected port SBITERRIN[1486]
WARNING: [Synth 8-3331] design blk_mem_gen_mux__parameterized0 has unconnected port SBITERRIN[1485]
WARNING: [Synth 8-3331] design blk_mem_gen_mux__parameterized0 has unconnected port SBITERRIN[1484]
WARNING: [Synth 8-3331] design blk_mem_gen_mux__parameterized0 has unconnected port SBITERRIN[1483]
WARNING: [Synth 8-3331] design blk_mem_gen_mux__parameterized0 has unconnected port SBITERRIN[1482]
WARNING: [Synth 8-3331] design blk_mem_gen_mux__parameterized0 has unconnected port SBITERRIN[1481]
WARNING: [Synth 8-3331] design blk_mem_gen_mux__parameterized0 has unconnected port SBITERRIN[1480]
WARNING: [Synth 8-3331] design blk_mem_gen_mux__parameterized0 has unconnected port SBITERRIN[1479]
WARNING: [Synth 8-3331] design blk_mem_gen_mux__parameterized0 has unconnected port SBITERRIN[1478]
WARNING: [Synth 8-3331] design blk_mem_gen_mux__parameterized0 has unconnected port SBITERRIN[1477]
WARNING: [Synth 8-3331] design blk_mem_gen_mux__parameterized0 has unconnected port SBITERRIN[1476]
WARNING: [Synth 8-3331] design blk_mem_gen_mux__parameterized0 has unconnected port SBITERRIN[1475]
WARNING: [Synth 8-3331] design blk_mem_gen_mux__parameterized0 has unconnected port SBITERRIN[1474]
WARNING: [Synth 8-3331] design blk_mem_gen_mux__parameterized0 has unconnected port SBITERRIN[1473]
WARNING: [Synth 8-3331] design blk_mem_gen_mux__parameterized0 has unconnected port SBITERRIN[1472]
WARNING: [Synth 8-3331] design blk_mem_gen_mux__parameterized0 has unconnected port SBITERRIN[1471]
WARNING: [Synth 8-3331] design blk_mem_gen_mux__parameterized0 has unconnected port SBITERRIN[1470]
WARNING: [Synth 8-3331] design blk_mem_gen_mux__parameterized0 has unconnected port SBITERRIN[1469]
WARNING: [Synth 8-3331] design blk_mem_gen_mux__parameterized0 has unconnected port SBITERRIN[1468]
WARNING: [Synth 8-3331] design blk_mem_gen_mux__parameterized0 has unconnected port SBITERRIN[1467]
WARNING: [Synth 8-3331] design blk_mem_gen_mux__parameterized0 has unconnected port SBITERRIN[1466]
WARNING: [Synth 8-3331] design blk_mem_gen_mux__parameterized0 has unconnected port SBITERRIN[1465]
WARNING: [Synth 8-3331] design blk_mem_gen_mux__parameterized0 has unconnected port SBITERRIN[1464]
WARNING: [Synth 8-3331] design blk_mem_gen_mux__parameterized0 has unconnected port SBITERRIN[1463]
WARNING: [Synth 8-3331] design blk_mem_gen_mux__parameterized0 has unconnected port SBITERRIN[1462]
WARNING: [Synth 8-3331] design blk_mem_gen_mux__parameterized0 has unconnected port SBITERRIN[1461]
INFO: [Common 17-14] Message 'Synth 8-3331' appears 100 times and further instances of the messages will be disabled. Use the Tcl command set_msg_config to change the current settings.
---------------------------------------------------------------------------------
Finished RTL Elaboration : Time (s): cpu = 00:04:57 ; elapsed = 00:05:05 . Memory (MB): peak = 1105.988 ; gain = 755.113
---------------------------------------------------------------------------------

Report Check Netlist: 
+------+------------------+-------+---------+-------+------------------+
|      |Item              |Errors |Warnings |Status |Description       |
+------+------------------+-------+---------+-------+------------------+
|1     |multi_driven_nets |      0|        0|Passed |Multi driven nets |
+------+------------------+-------+---------+-------+------------------+
---------------------------------------------------------------------------------
Start Handling Custom Attributes
---------------------------------------------------------------------------------
---------------------------------------------------------------------------------
Finished Handling Custom Attributes : Time (s): cpu = 00:04:57 ; elapsed = 00:05:06 . Memory (MB): peak = 1105.988 ; gain = 755.113
---------------------------------------------------------------------------------
---------------------------------------------------------------------------------
Finished RTL Optimization Phase 1 : Time (s): cpu = 00:04:57 ; elapsed = 00:05:06 . Memory (MB): peak = 1105.988 ; gain = 755.113
---------------------------------------------------------------------------------
INFO: [Netlist 29-17] Analyzing 104 Unisim elements for replacement
INFO: [Netlist 29-28] Unisim Transformation completed in 0 CPU seconds
INFO: [Device 21-403] Loading part xc7k325tffg676-1
INFO: [Project 1-570] Preparing netlist for logic optimization

Processing XDC Constraints
Initializing timing engine
Parsing XDC File [e:/Verilog Project/Architecture/MCPU/MCPU.srcs/sources_1/ip/VRAM/VRAM_ooc.xdc] for cell 'U0'
Finished Parsing XDC File [e:/Verilog Project/Architecture/MCPU/MCPU.srcs/sources_1/ip/VRAM/VRAM_ooc.xdc] for cell 'U0'
Parsing XDC File [E:/Verilog Project/Architecture/MCPU/MCPU.runs/VRAM_synth_1/dont_touch.xdc]
Finished Parsing XDC File [E:/Verilog Project/Architecture/MCPU/MCPU.runs/VRAM_synth_1/dont_touch.xdc]
Completed Processing XDC Constraints

INFO: [Project 1-111] Unisim Transformation Summary:
No Unisim elements were transformed.

Constraint Validation Runtime : Time (s): cpu = 00:00:00 ; elapsed = 00:00:00.045 . Memory (MB): peak = 1105.988 ; gain = 0.000
---------------------------------------------------------------------------------
Finished Constraint Validation : Time (s): cpu = 00:05:15 ; elapsed = 00:05:25 . Memory (MB): peak = 1105.988 ; gain = 755.113
---------------------------------------------------------------------------------
---------------------------------------------------------------------------------
Start Loading Part and Timing Information
---------------------------------------------------------------------------------
Loading part: xc7k325tffg676-1
---------------------------------------------------------------------------------
Finished Loading Part and Timing Information : Time (s): cpu = 00:05:15 ; elapsed = 00:05:25 . Memory (MB): peak = 1105.988 ; gain = 755.113
---------------------------------------------------------------------------------
---------------------------------------------------------------------------------
Start Applying 'set_property' XDC Constraints
---------------------------------------------------------------------------------
Applied set_property DONT_TOUCH = true for U0. (constraint file  {E:/Verilog Project/Architecture/MCPU/MCPU.runs/VRAM_synth_1/dont_touch.xdc}, line 9).
---------------------------------------------------------------------------------
Finished applying 'set_property' XDC Constraints : Time (s): cpu = 00:05:15 ; elapsed = 00:05:26 . Memory (MB): peak = 1105.988 ; gain = 755.113
---------------------------------------------------------------------------------
---------------------------------------------------------------------------------
Finished RTL Optimization Phase 2 : Time (s): cpu = 00:05:18 ; elapsed = 00:05:30 . Memory (MB): peak = 1105.988 ; gain = 755.113
---------------------------------------------------------------------------------

Report RTL Partitions: 
+-+--------------+------------+----------+
| |RTL Partition |Replication |Instances |
+-+--------------+------------+----------+
+-+--------------+------------+----------+
---------------------------------------------------------------------------------
Start RTL Component Statistics 
---------------------------------------------------------------------------------
Detailed RTL Component Info : 
+---Registers : 
	               19 Bit    Registers := 1     
	                7 Bit    Registers := 3     
+---Muxes : 
	   2 Input      1 Bit        Muxes := 257   
---------------------------------------------------------------------------------
Finished RTL Component Statistics 
---------------------------------------------------------------------------------
---------------------------------------------------------------------------------
Start RTL Hierarchical Component Statistics 
---------------------------------------------------------------------------------
Hierarchical RTL Component report 
Module bindec 
Detailed RTL Component Info : 
+---Muxes : 
	   2 Input      1 Bit        Muxes := 128   
Module blk_mem_gen_mux 
Detailed RTL Component Info : 
+---Registers : 
	               19 Bit    Registers := 1     
	                7 Bit    Registers := 2     
+---Muxes : 
	   2 Input      1 Bit        Muxes := 1     
Module blk_mem_gen_mux__parameterized0 
Detailed RTL Component Info : 
+---Registers : 
	                7 Bit    Registers := 1     
---------------------------------------------------------------------------------
Finished RTL Hierarchical Component Statistics
---------------------------------------------------------------------------------
---------------------------------------------------------------------------------
Start Part Resource Summary
---------------------------------------------------------------------------------
Part Resources:
DSPs: 840 (col length:140)
BRAMs: 890 (col length: RAMB18 140 RAMB36 70)
---------------------------------------------------------------------------------
Finished Part Resource Summary
---------------------------------------------------------------------------------
---------------------------------------------------------------------------------
Start Cross Boundary and Area Optimization
---------------------------------------------------------------------------------
Warning: Parallel synthesis criteria is not met 
INFO: [Synth 8-3332] Sequential element (inst_blk_mem_gen/gnbram.gnativebmg.native_blk_mem_gen/valid.cstr/has_mux_a.A/no_softecc_norm_sel2.has_mem_regs.WITHOUT_ECC_PIPE.ce_pri.rdaddrecc_mux_reg[18]) is unused and will be removed from module blk_mem_gen_v8_4_1.
INFO: [Synth 8-3332] Sequential element (inst_blk_mem_gen/gnbram.gnativebmg.native_blk_mem_gen/valid.cstr/has_mux_a.A/no_softecc_norm_sel2.has_mem_regs.WITHOUT_ECC_PIPE.ce_pri.rdaddrecc_mux_reg[17]) is unused and will be removed from module blk_mem_gen_v8_4_1.
INFO: [Synth 8-3332] Sequential element (inst_blk_mem_gen/gnbram.gnativebmg.native_blk_mem_gen/valid.cstr/has_mux_a.A/no_softecc_norm_sel2.has_mem_regs.WITHOUT_ECC_PIPE.ce_pri.rdaddrecc_mux_reg[16]) is unused and will be removed from module blk_mem_gen_v8_4_1.
INFO: [Synth 8-3332] Sequential element (inst_blk_mem_gen/gnbram.gnativebmg.native_blk_mem_gen/valid.cstr/has_mux_a.A/no_softecc_norm_sel2.has_mem_regs.WITHOUT_ECC_PIPE.ce_pri.rdaddrecc_mux_reg[15]) is unused and will be removed from module blk_mem_gen_v8_4_1.
INFO: [Synth 8-3332] Sequential element (inst_blk_mem_gen/gnbram.gnativebmg.native_blk_mem_gen/valid.cstr/has_mux_a.A/no_softecc_norm_sel2.has_mem_regs.WITHOUT_ECC_PIPE.ce_pri.rdaddrecc_mux_reg[14]) is unused and will be removed from module blk_mem_gen_v8_4_1.
INFO: [Synth 8-3332] Sequential element (inst_blk_mem_gen/gnbram.gnativebmg.native_blk_mem_gen/valid.cstr/has_mux_a.A/no_softecc_norm_sel2.has_mem_regs.WITHOUT_ECC_PIPE.ce_pri.rdaddrecc_mux_reg[13]) is unused and will be removed from module blk_mem_gen_v8_4_1.
INFO: [Synth 8-3332] Sequential element (inst_blk_mem_gen/gnbram.gnativebmg.native_blk_mem_gen/valid.cstr/has_mux_a.A/no_softecc_norm_sel2.has_mem_regs.WITHOUT_ECC_PIPE.ce_pri.rdaddrecc_mux_reg[12]) is unused and will be removed from module blk_mem_gen_v8_4_1.
INFO: [Synth 8-3332] Sequential element (inst_blk_mem_gen/gnbram.gnativebmg.native_blk_mem_gen/valid.cstr/has_mux_a.A/no_softecc_norm_sel2.has_mem_regs.WITHOUT_ECC_PIPE.ce_pri.rdaddrecc_mux_reg[11]) is unused and will be removed from module blk_mem_gen_v8_4_1.
INFO: [Synth 8-3332] Sequential element (inst_blk_mem_gen/gnbram.gnativebmg.native_blk_mem_gen/valid.cstr/has_mux_a.A/no_softecc_norm_sel2.has_mem_regs.WITHOUT_ECC_PIPE.ce_pri.rdaddrecc_mux_reg[10]) is unused and will be removed from module blk_mem_gen_v8_4_1.
INFO: [Synth 8-3332] Sequential element (inst_blk_mem_gen/gnbram.gnativebmg.native_blk_mem_gen/valid.cstr/has_mux_a.A/no_softecc_norm_sel2.has_mem_regs.WITHOUT_ECC_PIPE.ce_pri.rdaddrecc_mux_reg[9]) is unused and will be removed from module blk_mem_gen_v8_4_1.
INFO: [Synth 8-3332] Sequential element (inst_blk_mem_gen/gnbram.gnativebmg.native_blk_mem_gen/valid.cstr/has_mux_a.A/no_softecc_norm_sel2.has_mem_regs.WITHOUT_ECC_PIPE.ce_pri.rdaddrecc_mux_reg[8]) is unused and will be removed from module blk_mem_gen_v8_4_1.
INFO: [Synth 8-3332] Sequential element (inst_blk_mem_gen/gnbram.gnativebmg.native_blk_mem_gen/valid.cstr/has_mux_a.A/no_softecc_norm_sel2.has_mem_regs.WITHOUT_ECC_PIPE.ce_pri.rdaddrecc_mux_reg[7]) is unused and will be removed from module blk_mem_gen_v8_4_1.
INFO: [Synth 8-3332] Sequential element (inst_blk_mem_gen/gnbram.gnativebmg.native_blk_mem_gen/valid.cstr/has_mux_a.A/no_softecc_norm_sel2.has_mem_regs.WITHOUT_ECC_PIPE.ce_pri.rdaddrecc_mux_reg[6]) is unused and will be removed from module blk_mem_gen_v8_4_1.
INFO: [Synth 8-3332] Sequential element (inst_blk_mem_gen/gnbram.gnativebmg.native_blk_mem_gen/valid.cstr/has_mux_a.A/no_softecc_norm_sel2.has_mem_regs.WITHOUT_ECC_PIPE.ce_pri.rdaddrecc_mux_reg[5]) is unused and will be removed from module blk_mem_gen_v8_4_1.
INFO: [Synth 8-3332] Sequential element (inst_blk_mem_gen/gnbram.gnativebmg.native_blk_mem_gen/valid.cstr/has_mux_a.A/no_softecc_norm_sel2.has_mem_regs.WITHOUT_ECC_PIPE.ce_pri.rdaddrecc_mux_reg[4]) is unused and will be removed from module blk_mem_gen_v8_4_1.
INFO: [Synth 8-3332] Sequential element (inst_blk_mem_gen/gnbram.gnativebmg.native_blk_mem_gen/valid.cstr/has_mux_a.A/no_softecc_norm_sel2.has_mem_regs.WITHOUT_ECC_PIPE.ce_pri.rdaddrecc_mux_reg[3]) is unused and will be removed from module blk_mem_gen_v8_4_1.
INFO: [Synth 8-3332] Sequential element (inst_blk_mem_gen/gnbram.gnativebmg.native_blk_mem_gen/valid.cstr/has_mux_a.A/no_softecc_norm_sel2.has_mem_regs.WITHOUT_ECC_PIPE.ce_pri.rdaddrecc_mux_reg[2]) is unused and will be removed from module blk_mem_gen_v8_4_1.
INFO: [Synth 8-3332] Sequential element (inst_blk_mem_gen/gnbram.gnativebmg.native_blk_mem_gen/valid.cstr/has_mux_a.A/no_softecc_norm_sel2.has_mem_regs.WITHOUT_ECC_PIPE.ce_pri.rdaddrecc_mux_reg[1]) is unused and will be removed from module blk_mem_gen_v8_4_1.
INFO: [Synth 8-3332] Sequential element (inst_blk_mem_gen/gnbram.gnativebmg.native_blk_mem_gen/valid.cstr/has_mux_a.A/no_softecc_norm_sel2.has_mem_regs.WITHOUT_ECC_PIPE.ce_pri.rdaddrecc_mux_reg[0]) is unused and will be removed from module blk_mem_gen_v8_4_1.
INFO: [Synth 8-3332] Sequential element (inst_blk_mem_gen/gnbram.gnativebmg.native_blk_mem_gen/valid.cstr/has_mux_b.B/no_softecc_sel_reg.ce_pri.sel_pipe_reg[6]) is unused and will be removed from module blk_mem_gen_v8_4_1.
INFO: [Synth 8-3332] Sequential element (inst_blk_mem_gen/gnbram.gnativebmg.native_blk_mem_gen/valid.cstr/has_mux_b.B/no_softecc_sel_reg.ce_pri.sel_pipe_reg[5]) is unused and will be removed from module blk_mem_gen_v8_4_1.
INFO: [Synth 8-3332] Sequential element (inst_blk_mem_gen/gnbram.gnativebmg.native_blk_mem_gen/valid.cstr/has_mux_b.B/no_softecc_sel_reg.ce_pri.sel_pipe_reg[4]) is unused and will be removed from module blk_mem_gen_v8_4_1.
INFO: [Synth 8-3332] Sequential element (inst_blk_mem_gen/gnbram.gnativebmg.native_blk_mem_gen/valid.cstr/has_mux_b.B/no_softecc_sel_reg.ce_pri.sel_pipe_reg[3]) is unused and will be removed from module blk_mem_gen_v8_4_1.
INFO: [Synth 8-3332] Sequential element (inst_blk_mem_gen/gnbram.gnativebmg.native_blk_mem_gen/valid.cstr/has_mux_b.B/no_softecc_sel_reg.ce_pri.sel_pipe_reg[2]) is unused and will be removed from module blk_mem_gen_v8_4_1.
INFO: [Synth 8-3332] Sequential element (inst_blk_mem_gen/gnbram.gnativebmg.native_blk_mem_gen/valid.cstr/has_mux_b.B/no_softecc_sel_reg.ce_pri.sel_pipe_reg[1]) is unused and will be removed from module blk_mem_gen_v8_4_1.
INFO: [Synth 8-3332] Sequential element (inst_blk_mem_gen/gnbram.gnativebmg.native_blk_mem_gen/valid.cstr/has_mux_b.B/no_softecc_sel_reg.ce_pri.sel_pipe_reg[0]) is unused and will be removed from module blk_mem_gen_v8_4_1.
---------------------------------------------------------------------------------
Finished Cross Boundary and Area Optimization : Time (s): cpu = 00:05:21 ; elapsed = 00:05:33 . Memory (MB): peak = 1105.988 ; gain = 755.113
---------------------------------------------------------------------------------

Report RTL Partitions: 
+-+--------------+------------+----------+
| |RTL Partition |Replication |Instances |
+-+--------------+------------+----------+
+-+--------------+------------+----------+
---------------------------------------------------------------------------------
Start Applying XDC Timing Constraints
---------------------------------------------------------------------------------
---------------------------------------------------------------------------------
Finished Applying XDC Timing Constraints : Time (s): cpu = 00:05:32 ; elapsed = 00:05:45 . Memory (MB): peak = 1105.988 ; gain = 755.113
---------------------------------------------------------------------------------
---------------------------------------------------------------------------------
Start Timing Optimization
---------------------------------------------------------------------------------
---------------------------------------------------------------------------------
Finished Timing Optimization : Time (s): cpu = 00:05:32 ; elapsed = 00:05:45 . Memory (MB): peak = 1112.973 ; gain = 762.098
---------------------------------------------------------------------------------

Report RTL Partitions: 
+-+--------------+------------+----------+
| |RTL Partition |Replication |Instances |
+-+--------------+------------+----------+
+-+--------------+------------+----------+
---------------------------------------------------------------------------------
Start Technology Mapping
---------------------------------------------------------------------------------
---------------------------------------------------------------------------------
Finished Technology Mapping : Time (s): cpu = 00:05:32 ; elapsed = 00:05:46 . Memory (MB): peak = 1129.555 ; gain = 778.680
---------------------------------------------------------------------------------

Report RTL Partitions: 
+-+--------------+------------+----------+
| |RTL Partition |Replication |Instances |
+-+--------------+------------+----------+
+-+--------------+------------+----------+
---------------------------------------------------------------------------------
Start IO Insertion
---------------------------------------------------------------------------------
---------------------------------------------------------------------------------
Start Flattening Before IO Insertion
---------------------------------------------------------------------------------
---------------------------------------------------------------------------------
Finished Flattening Before IO Insertion
---------------------------------------------------------------------------------
---------------------------------------------------------------------------------
Start Final Netlist Cleanup
---------------------------------------------------------------------------------
---------------------------------------------------------------------------------
Finished Final Netlist Cleanup
---------------------------------------------------------------------------------
---------------------------------------------------------------------------------
Finished IO Insertion : Time (s): cpu = 00:05:33 ; elapsed = 00:05:47 . Memory (MB): peak = 1129.555 ; gain = 778.680
---------------------------------------------------------------------------------

Report Check Netlist: 
+------+------------------+-------+---------+-------+------------------+
|      |Item              |Errors |Warnings |Status |Description       |
+------+------------------+-------+---------+-------+------------------+
|1     |multi_driven_nets |      0|        0|Passed |Multi driven nets |
+------+------------------+-------+---------+-------+------------------+
---------------------------------------------------------------------------------
Start Renaming Generated Instances
---------------------------------------------------------------------------------
---------------------------------------------------------------------------------
Finished Renaming Generated Instances : Time (s): cpu = 00:05:33 ; elapsed = 00:05:47 . Memory (MB): peak = 1129.555 ; gain = 778.680
---------------------------------------------------------------------------------

Report RTL Partitions: 
+-+--------------+------------+----------+
| |RTL Partition |Replication |Instances |
+-+--------------+------------+----------+
+-+--------------+------------+----------+
---------------------------------------------------------------------------------
Start Rebuilding User Hierarchy
---------------------------------------------------------------------------------
---------------------------------------------------------------------------------
Finished Rebuilding User Hierarchy : Time (s): cpu = 00:05:34 ; elapsed = 00:05:47 . Memory (MB): peak = 1129.555 ; gain = 778.680
---------------------------------------------------------------------------------
---------------------------------------------------------------------------------
Start Renaming Generated Ports
---------------------------------------------------------------------------------
---------------------------------------------------------------------------------
Finished Renaming Generated Ports : Time (s): cpu = 00:05:34 ; elapsed = 00:05:47 . Memory (MB): peak = 1129.555 ; gain = 778.680
---------------------------------------------------------------------------------
---------------------------------------------------------------------------------
Start Handling Custom Attributes
---------------------------------------------------------------------------------
---------------------------------------------------------------------------------
Finished Handling Custom Attributes : Time (s): cpu = 00:05:34 ; elapsed = 00:05:47 . Memory (MB): peak = 1129.555 ; gain = 778.680
---------------------------------------------------------------------------------
---------------------------------------------------------------------------------
Start Renaming Generated Nets
---------------------------------------------------------------------------------
---------------------------------------------------------------------------------
Finished Renaming Generated Nets : Time (s): cpu = 00:05:34 ; elapsed = 00:05:47 . Memory (MB): peak = 1129.555 ; gain = 778.680
---------------------------------------------------------------------------------
---------------------------------------------------------------------------------
Start Writing Synthesis Report
---------------------------------------------------------------------------------

Report BlackBoxes: 
+-+--------------+----------+
| |BlackBox name |Instances |
+-+--------------+----------+
+-+--------------+----------+

Report Cell Usage: 
+------+-------------+------+
|      |Cell         |Count |
+------+-------------+------+
|1     |LUT3         |    12|
|2     |LUT4         |     9|
|3     |LUT5         |    77|
|4     |LUT6         |   186|
|5     |MUXF7        |    93|
|6     |MUXF8        |    36|
|7     |RAMB18E1     |     1|
|8     |RAMB36E1     |     1|
|9     |RAMB36E1_1   |     1|
|10    |RAMB36E1_10  |     1|
|11    |RAMB36E1_100 |     1|
|12    |RAMB36E1_101 |     1|
|13    |RAMB36E1_102 |     1|
|14    |RAMB36E1_11  |     1|
|15    |RAMB36E1_12  |     1|
|16    |RAMB36E1_13  |     1|
|17    |RAMB36E1_14  |     1|
|18    |RAMB36E1_15  |     1|
|19    |RAMB36E1_16  |     1|
|20    |RAMB36E1_17  |     1|
|21    |RAMB36E1_18  |     1|
|22    |RAMB36E1_19  |     1|
|23    |RAMB36E1_2   |     1|
|24    |RAMB36E1_20  |     1|
|25    |RAMB36E1_21  |     1|
|26    |RAMB36E1_22  |     1|
|27    |RAMB36E1_23  |     1|
|28    |RAMB36E1_24  |     1|
|29    |RAMB36E1_25  |     1|
|30    |RAMB36E1_26  |     1|
|31    |RAMB36E1_27  |     1|
|32    |RAMB36E1_28  |     1|
|33    |RAMB36E1_29  |     1|
|34    |RAMB36E1_3   |     1|
|35    |RAMB36E1_30  |     1|
|36    |RAMB36E1_31  |     1|
|37    |RAMB36E1_32  |     1|
|38    |RAMB36E1_33  |     1|
|39    |RAMB36E1_34  |     1|
|40    |RAMB36E1_35  |     1|
|41    |RAMB36E1_36  |     1|
|42    |RAMB36E1_37  |     1|
|43    |RAMB36E1_38  |     1|
|44    |RAMB36E1_39  |     1|
|45    |RAMB36E1_4   |     1|
|46    |RAMB36E1_40  |     1|
|47    |RAMB36E1_41  |     1|
|48    |RAMB36E1_42  |     1|
|49    |RAMB36E1_43  |     1|
|50    |RAMB36E1_44  |     1|
|51    |RAMB36E1_45  |     1|
|52    |RAMB36E1_46  |     1|
|53    |RAMB36E1_47  |     1|
|54    |RAMB36E1_48  |     1|
|55    |RAMB36E1_49  |     1|
|56    |RAMB36E1_5   |     1|
|57    |RAMB36E1_50  |     1|
|58    |RAMB36E1_51  |     1|
|59    |RAMB36E1_52  |     1|
|60    |RAMB36E1_53  |     1|
|61    |RAMB36E1_54  |     1|
|62    |RAMB36E1_55  |     1|
|63    |RAMB36E1_56  |     1|
|64    |RAMB36E1_57  |     1|
|65    |RAMB36E1_58  |     1|
|66    |RAMB36E1_59  |     1|
|67    |RAMB36E1_6   |     1|
|68    |RAMB36E1_60  |     1|
|69    |RAMB36E1_61  |     1|
|70    |RAMB36E1_62  |     1|
|71    |RAMB36E1_63  |     1|
|72    |RAMB36E1_64  |     1|
|73    |RAMB36E1_65  |     1|
|74    |RAMB36E1_66  |     1|
|75    |RAMB36E1_67  |     1|
|76    |RAMB36E1_68  |     1|
|77    |RAMB36E1_69  |     1|
|78    |RAMB36E1_7   |     1|
|79    |RAMB36E1_70  |     1|
|80    |RAMB36E1_71  |     1|
|81    |RAMB36E1_72  |     1|
|82    |RAMB36E1_73  |     1|
|83    |RAMB36E1_74  |     1|
|84    |RAMB36E1_75  |     1|
|85    |RAMB36E1_76  |     1|
|86    |RAMB36E1_77  |     1|
|87    |RAMB36E1_78  |     1|
|88    |RAMB36E1_79  |     1|
|89    |RAMB36E1_8   |     1|
|90    |RAMB36E1_80  |     1|
|91    |RAMB36E1_81  |     1|
|92    |RAMB36E1_82  |     1|
|93    |RAMB36E1_83  |     1|
|94    |RAMB36E1_84  |     1|
|95    |RAMB36E1_85  |     1|
|96    |RAMB36E1_86  |     1|
|97    |RAMB36E1_87  |     1|
|98    |RAMB36E1_88  |     1|
|99    |RAMB36E1_89  |     1|
|100   |RAMB36E1_9   |     1|
|101   |RAMB36E1_90  |     1|
|102   |RAMB36E1_91  |     1|
|103   |RAMB36E1_92  |     1|
|104   |RAMB36E1_93  |     1|
|105   |RAMB36E1_94  |     1|
|106   |RAMB36E1_95  |     1|
|107   |RAMB36E1_96  |     1|
|108   |RAMB36E1_97  |     1|
|109   |RAMB36E1_98  |     1|
|110   |RAMB36E1_99  |     1|
|111   |FDRE         |    14|
+------+-------------+------+

Report Instance Areas: 
+------+---------------------------------------------+-----------------------------------------------+------+
|      |Instance                                     |Module                                         |Cells |
+------+---------------------------------------------+-----------------------------------------------+------+
|1     |top                                          |                                               |   531|
|2     |  U0                                         |blk_mem_gen_v8_4_1                             |   531|
|3     |    inst_blk_mem_gen                         |blk_mem_gen_v8_4_1_synth                       |   531|
|4     |      \gnbram.gnativebmg.native_blk_mem_gen  |blk_mem_gen_top                                |   531|
|5     |        \valid.cstr                          |blk_mem_gen_generic_cstr                       |   531|
|6     |          \has_mux_a.A                       |blk_mem_gen_mux                                |   338|
|7     |          \ramloop[0].ram.r                  |blk_mem_gen_prim_width                         |     2|
|8     |            \prim_init.ram                   |blk_mem_gen_prim_wrapper_init                  |     2|
|9     |          \ramloop[10].ram.r                 |blk_mem_gen_prim_width__parameterized9         |     1|
|10    |            \prim_init.ram                   |blk_mem_gen_prim_wrapper_init__parameterized9  |     1|
|11    |          \ramloop[11].ram.r                 |blk_mem_gen_prim_width__parameterized10        |     2|
|12    |            \prim_init.ram                   |blk_mem_gen_prim_wrapper_init__parameterized10 |     2|
|13    |          \ramloop[12].ram.r                 |blk_mem_gen_prim_width__parameterized11        |     2|
|14    |            \prim_init.ram                   |blk_mem_gen_prim_wrapper_init__parameterized11 |     2|
|15    |          \ramloop[13].ram.r                 |blk_mem_gen_prim_width__parameterized12        |     2|
|16    |            \prim_init.ram                   |blk_mem_gen_prim_wrapper_init__parameterized12 |     2|
|17    |          \ramloop[14].ram.r                 |blk_mem_gen_prim_width__parameterized13        |     2|
|18    |            \prim_init.ram                   |blk_mem_gen_prim_wrapper_init__parameterized13 |     2|
|19    |          \ramloop[15].ram.r                 |blk_mem_gen_prim_width__parameterized14        |     2|
|20    |            \prim_init.ram                   |blk_mem_gen_prim_wrapper_init__parameterized14 |     2|
|21    |          \ramloop[16].ram.r                 |blk_mem_gen_prim_width__parameterized15        |     1|
|22    |            \prim_init.ram                   |blk_mem_gen_prim_wrapper_init__parameterized15 |     1|
|23    |          \ramloop[17].ram.r                 |blk_mem_gen_prim_width__parameterized16        |     2|
|24    |            \prim_init.ram                   |blk_mem_gen_prim_wrapper_init__parameterized16 |     2|
|25    |          \ramloop[18].ram.r                 |blk_mem_gen_prim_width__parameterized17        |     2|
|26    |            \prim_init.ram                   |blk_mem_gen_prim_wrapper_init__parameterized17 |     2|
|27    |          \ramloop[19].ram.r                 |blk_mem_gen_prim_width__parameterized18        |     2|
|28    |            \prim_init.ram                   |blk_mem_gen_prim_wrapper_init__parameterized18 |     2|
|29    |          \ramloop[1].ram.r                  |blk_mem_gen_prim_width__parameterized0         |     2|
|30    |            \prim_init.ram                   |blk_mem_gen_prim_wrapper_init__parameterized0  |     2|
|31    |          \ramloop[20].ram.r                 |blk_mem_gen_prim_width__parameterized19        |     2|
|32    |            \prim_init.ram                   |blk_mem_gen_prim_wrapper_init__parameterized19 |     2|
|33    |          \ramloop[21].ram.r                 |blk_mem_gen_prim_width__parameterized20        |     2|
|34    |            \prim_init.ram                   |blk_mem_gen_prim_wrapper_init__parameterized20 |     2|
|35    |          \ramloop[22].ram.r                 |blk_mem_gen_prim_width__parameterized21        |     2|
|36    |            \prim_init.ram                   |blk_mem_gen_prim_wrapper_init__parameterized21 |     2|
|37    |          \ramloop[23].ram.r                 |blk_mem_gen_prim_width__parameterized22        |     2|
|38    |            \prim_init.ram                   |blk_mem_gen_prim_wrapper_init__parameterized22 |     2|
|39    |          \ramloop[24].ram.r                 |blk_mem_gen_prim_width__parameterized23        |     2|
|40    |            \prim_init.ram                   |blk_mem_gen_prim_wrapper_init__parameterized23 |     2|
|41    |          \ramloop[25].ram.r                 |blk_mem_gen_prim_width__parameterized24        |     2|
|42    |            \prim_init.ram                   |blk_mem_gen_prim_wrapper_init__parameterized24 |     2|
|43    |          \ramloop[26].ram.r                 |blk_mem_gen_prim_width__parameterized25        |     2|
|44    |            \prim_init.ram                   |blk_mem_gen_prim_wrapper_init__parameterized25 |     2|
|45    |          \ramloop[27].ram.r                 |blk_mem_gen_prim_width__parameterized26        |     2|
|46    |            \prim_init.ram                   |blk_mem_gen_prim_wrapper_init__parameterized26 |     2|
|47    |          \ramloop[28].ram.r                 |blk_mem_gen_prim_width__parameterized27        |     2|
|48    |            \prim_init.ram                   |blk_mem_gen_prim_wrapper_init__parameterized27 |     2|
|49    |          \ramloop[29].ram.r                 |blk_mem_gen_prim_width__parameterized28        |     2|
|50    |            \prim_init.ram                   |blk_mem_gen_prim_wrapper_init__parameterized28 |     2|
|51    |          \ramloop[2].ram.r                  |blk_mem_gen_prim_width__parameterized1         |     2|
|52    |            \prim_init.ram                   |blk_mem_gen_prim_wrapper_init__parameterized1  |     2|
|53    |          \ramloop[30].ram.r                 |blk_mem_gen_prim_width__parameterized29        |     2|
|54    |            \prim_init.ram                   |blk_mem_gen_prim_wrapper_init__parameterized29 |     2|
|55    |          \ramloop[31].ram.r                 |blk_mem_gen_prim_width__parameterized30        |     2|
|56    |            \prim_init.ram                   |blk_mem_gen_prim_wrapper_init__parameterized30 |     2|
|57    |          \ramloop[32].ram.r                 |blk_mem_gen_prim_width__parameterized31        |     2|
|58    |            \prim_init.ram                   |blk_mem_gen_prim_wrapper_init__parameterized31 |     2|
|59    |          \ramloop[33].ram.r                 |blk_mem_gen_prim_width__parameterized32        |     2|
|60    |            \prim_init.ram                   |blk_mem_gen_prim_wrapper_init__parameterized32 |     2|
|61    |          \ramloop[34].ram.r                 |blk_mem_gen_prim_width__parameterized33        |     2|
|62    |            \prim_init.ram                   |blk_mem_gen_prim_wrapper_init__parameterized33 |     2|
|63    |          \ramloop[35].ram.r                 |blk_mem_gen_prim_width__parameterized34        |     2|
|64    |            \prim_init.ram                   |blk_mem_gen_prim_wrapper_init__parameterized34 |     2|
|65    |          \ramloop[36].ram.r                 |blk_mem_gen_prim_width__parameterized35        |     2|
|66    |            \prim_init.ram                   |blk_mem_gen_prim_wrapper_init__parameterized35 |     2|
|67    |          \ramloop[37].ram.r                 |blk_mem_gen_prim_width__parameterized36        |     2|
|68    |            \prim_init.ram                   |blk_mem_gen_prim_wrapper_init__parameterized36 |     2|
|69    |          \ramloop[38].ram.r                 |blk_mem_gen_prim_width__parameterized37        |     2|
|70    |            \prim_init.ram                   |blk_mem_gen_prim_wrapper_init__parameterized37 |     2|
|71    |          \ramloop[39].ram.r                 |blk_mem_gen_prim_width__parameterized38        |     2|
|72    |            \prim_init.ram                   |blk_mem_gen_prim_wrapper_init__parameterized38 |     2|
|73    |          \ramloop[3].ram.r                  |blk_mem_gen_prim_width__parameterized2         |     2|
|74    |            \prim_init.ram                   |blk_mem_gen_prim_wrapper_init__parameterized2  |     2|
|75    |          \ramloop[40].ram.r                 |blk_mem_gen_prim_width__parameterized39        |     2|
|76    |            \prim_init.ram                   |blk_mem_gen_prim_wrapper_init__parameterized39 |     2|
|77    |          \ramloop[41].ram.r                 |blk_mem_gen_prim_width__parameterized40        |     2|
|78    |            \prim_init.ram                   |blk_mem_gen_prim_wrapper_init__parameterized40 |     2|
|79    |          \ramloop[42].ram.r                 |blk_mem_gen_prim_width__parameterized41        |     2|
|80    |            \prim_init.ram                   |blk_mem_gen_prim_wrapper_init__parameterized41 |     2|
|81    |          \ramloop[43].ram.r                 |blk_mem_gen_prim_width__parameterized42        |     2|
|82    |            \prim_init.ram                   |blk_mem_gen_prim_wrapper_init__parameterized42 |     2|
|83    |          \ramloop[44].ram.r                 |blk_mem_gen_prim_width__parameterized43        |     2|
|84    |            \prim_init.ram                   |blk_mem_gen_prim_wrapper_init__parameterized43 |     2|
|85    |          \ramloop[45].ram.r                 |blk_mem_gen_prim_width__parameterized44        |     2|
|86    |            \prim_init.ram                   |blk_mem_gen_prim_wrapper_init__parameterized44 |     2|
|87    |          \ramloop[46].ram.r                 |blk_mem_gen_prim_width__parameterized45        |     2|
|88    |            \prim_init.ram                   |blk_mem_gen_prim_wrapper_init__parameterized45 |     2|
|89    |          \ramloop[47].ram.r                 |blk_mem_gen_prim_width__parameterized46        |     2|
|90    |            \prim_init.ram                   |blk_mem_gen_prim_wrapper_init__parameterized46 |     2|
|91    |          \ramloop[48].ram.r                 |blk_mem_gen_prim_width__parameterized47        |     2|
|92    |            \prim_init.ram                   |blk_mem_gen_prim_wrapper_init__parameterized47 |     2|
|93    |          \ramloop[49].ram.r                 |blk_mem_gen_prim_width__parameterized48        |     2|
|94    |            \prim_init.ram                   |blk_mem_gen_prim_wrapper_init__parameterized48 |     2|
|95    |          \ramloop[4].ram.r                  |blk_mem_gen_prim_width__parameterized3         |     1|
|96    |            \prim_init.ram                   |blk_mem_gen_prim_wrapper_init__parameterized3  |     1|
|97    |          \ramloop[50].ram.r                 |blk_mem_gen_prim_width__parameterized49        |     2|
|98    |            \prim_init.ram                   |blk_mem_gen_prim_wrapper_init__parameterized49 |     2|
|99    |          \ramloop[51].ram.r                 |blk_mem_gen_prim_width__parameterized50        |     2|
|100   |            \prim_init.ram                   |blk_mem_gen_prim_wrapper_init__parameterized50 |     2|
|101   |          \ramloop[52].ram.r                 |blk_mem_gen_prim_width__parameterized51        |     2|
|102   |            \prim_init.ram                   |blk_mem_gen_prim_wrapper_init__parameterized51 |     2|
|103   |          \ramloop[53].ram.r                 |blk_mem_gen_prim_width__parameterized52        |     2|
|104   |            \prim_init.ram                   |blk_mem_gen_prim_wrapper_init__parameterized52 |     2|
|105   |          \ramloop[54].ram.r                 |blk_mem_gen_prim_width__parameterized53        |     2|
|106   |            \prim_init.ram                   |blk_mem_gen_prim_wrapper_init__parameterized53 |     2|
|107   |          \ramloop[55].ram.r                 |blk_mem_gen_prim_width__parameterized54        |     2|
|108   |            \prim_init.ram                   |blk_mem_gen_prim_wrapper_init__parameterized54 |     2|
|109   |          \ramloop[56].ram.r                 |blk_mem_gen_prim_width__parameterized55        |     2|
|110   |            \prim_init.ram                   |blk_mem_gen_prim_wrapper_init__parameterized55 |     2|
|111   |          \ramloop[57].ram.r                 |blk_mem_gen_prim_width__parameterized56        |     2|
|112   |            \prim_init.ram                   |blk_mem_gen_prim_wrapper_init__parameterized56 |     2|
|113   |          \ramloop[58].ram.r                 |blk_mem_gen_prim_width__parameterized57        |     2|
|114   |            \prim_init.ram                   |blk_mem_gen_prim_wrapper_init__parameterized57 |     2|
|115   |          \ramloop[59].ram.r                 |blk_mem_gen_prim_width__parameterized58        |     2|
|116   |            \prim_init.ram                   |blk_mem_gen_prim_wrapper_init__parameterized58 |     2|
|117   |          \ramloop[5].ram.r                  |blk_mem_gen_prim_width__parameterized4         |     1|
|118   |            \prim_init.ram                   |blk_mem_gen_prim_wrapper_init__parameterized4  |     1|
|119   |          \ramloop[60].ram.r                 |blk_mem_gen_prim_width__parameterized59        |     2|
|120   |            \prim_init.ram                   |blk_mem_gen_prim_wrapper_init__parameterized59 |     2|
|121   |          \ramloop[61].ram.r                 |blk_mem_gen_prim_width__parameterized60        |     2|
|122   |            \prim_init.ram                   |blk_mem_gen_prim_wrapper_init__parameterized60 |     2|
|123   |          \ramloop[62].ram.r                 |blk_mem_gen_prim_width__parameterized61        |     2|
|124   |            \prim_init.ram                   |blk_mem_gen_prim_wrapper_init__parameterized61 |     2|
|125   |          \ramloop[63].ram.r                 |blk_mem_gen_prim_width__parameterized62        |     2|
|126   |            \prim_init.ram                   |blk_mem_gen_prim_wrapper_init__parameterized62 |     2|
|127   |          \ramloop[64].ram.r                 |blk_mem_gen_prim_width__parameterized63        |     2|
|128   |            \prim_init.ram                   |blk_mem_gen_prim_wrapper_init__parameterized63 |     2|
|129   |          \ramloop[65].ram.r                 |blk_mem_gen_prim_width__parameterized64        |     2|
|130   |            \prim_init.ram                   |blk_mem_gen_prim_wrapper_init__parameterized64 |     2|
|131   |          \ramloop[66].ram.r                 |blk_mem_gen_prim_width__parameterized65        |     2|
|132   |            \prim_init.ram                   |blk_mem_gen_prim_wrapper_init__parameterized65 |     2|
|133   |          \ramloop[67].ram.r                 |blk_mem_gen_prim_width__parameterized66        |     2|
|134   |            \prim_init.ram                   |blk_mem_gen_prim_wrapper_init__parameterized66 |     2|
|135   |          \ramloop[68].ram.r                 |blk_mem_gen_prim_width__parameterized67        |     2|
|136   |            \prim_init.ram                   |blk_mem_gen_prim_wrapper_init__parameterized67 |     2|
|137   |          \ramloop[69].ram.r                 |blk_mem_gen_prim_width__parameterized68        |     2|
|138   |            \prim_init.ram                   |blk_mem_gen_prim_wrapper_init__parameterized68 |     2|
|139   |          \ramloop[6].ram.r                  |blk_mem_gen_prim_width__parameterized5         |     3|
|140   |            \prim_init.ram                   |blk_mem_gen_prim_wrapper_init__parameterized5  |     3|
|141   |          \ramloop[70].ram.r                 |blk_mem_gen_prim_width__parameterized69        |     2|
|142   |            \prim_init.ram                   |blk_mem_gen_prim_wrapper_init__parameterized69 |     2|
|143   |          \ramloop[71].ram.r                 |blk_mem_gen_prim_width__parameterized70        |     2|
|144   |            \prim_init.ram                   |blk_mem_gen_prim_wrapper_init__parameterized70 |     2|
|145   |          \ramloop[72].ram.r                 |blk_mem_gen_prim_width__parameterized71        |     2|
|146   |            \prim_init.ram                   |blk_mem_gen_prim_wrapper_init__parameterized71 |     2|
|147   |          \ramloop[73].ram.r                 |blk_mem_gen_prim_width__parameterized72        |     2|
|148   |            \prim_init.ram                   |blk_mem_gen_prim_wrapper_init__parameterized72 |     2|
|149   |          \ramloop[74].ram.r                 |blk_mem_gen_prim_width__parameterized73        |     3|
|150   |            \prim_init.ram                   |blk_mem_gen_prim_wrapper_init__parameterized73 |     3|
|151   |          \ramloop[75].ram.r                 |blk_mem_gen_prim_width__parameterized74        |     2|
|152   |            \prim_init.ram                   |blk_mem_gen_prim_wrapper_init__parameterized74 |     2|
|153   |          \ramloop[76].ram.r                 |blk_mem_gen_prim_width__parameterized75        |     3|
|154   |            \prim_init.ram                   |blk_mem_gen_prim_wrapper_init__parameterized75 |     3|
|155   |          \ramloop[77].ram.r                 |blk_mem_gen_prim_width__parameterized76        |     3|
|156   |            \prim_init.ram                   |blk_mem_gen_prim_wrapper_init__parameterized76 |     3|
|157   |          \ramloop[78].ram.r                 |blk_mem_gen_prim_width__parameterized77        |     3|
|158   |            \prim_init.ram                   |blk_mem_gen_prim_wrapper_init__parameterized77 |     3|
|159   |          \ramloop[79].ram.r                 |blk_mem_gen_prim_width__parameterized78        |     3|
|160   |            \prim_init.ram                   |blk_mem_gen_prim_wrapper_init__parameterized78 |     3|
|161   |          \ramloop[7].ram.r                  |blk_mem_gen_prim_width__parameterized6         |     3|
|162   |            \prim_init.ram                   |blk_mem_gen_prim_wrapper_init__parameterized6  |     3|
|163   |          \ramloop[80].ram.r                 |blk_mem_gen_prim_width__parameterized79        |     3|
|164   |            \prim_init.ram                   |blk_mem_gen_prim_wrapper_init__parameterized79 |     3|
|165   |          \ramloop[81].ram.r                 |blk_mem_gen_prim_width__parameterized80        |     2|
|166   |            \prim_init.ram                   |blk_mem_gen_prim_wrapper_init__parameterized80 |     2|
|167   |          \ramloop[82].ram.r                 |blk_mem_gen_prim_width__parameterized81        |     3|
|168   |            \prim_init.ram                   |blk_mem_gen_prim_wrapper_init__parameterized81 |     3|
|169   |          \ramloop[83].ram.r                 |blk_mem_gen_prim_width__parameterized82        |     2|
|170   |            \prim_init.ram                   |blk_mem_gen_prim_wrapper_init__parameterized82 |     2|
|171   |          \ramloop[84].ram.r                 |blk_mem_gen_prim_width__parameterized83        |     2|
|172   |            \prim_init.ram                   |blk_mem_gen_prim_wrapper_init__parameterized83 |     2|
|173   |          \ramloop[85].ram.r                 |blk_mem_gen_prim_width__parameterized84        |     2|
|174   |            \prim_init.ram                   |blk_mem_gen_prim_wrapper_init__parameterized84 |     2|
|175   |          \ramloop[86].ram.r                 |blk_mem_gen_prim_width__parameterized85        |     2|
|176   |            \prim_init.ram                   |blk_mem_gen_prim_wrapper_init__parameterized85 |     2|
|177   |          \ramloop[87].ram.r                 |blk_mem_gen_prim_width__parameterized86        |     2|
|178   |            \prim_init.ram                   |blk_mem_gen_prim_wrapper_init__parameterized86 |     2|
|179   |          \ramloop[88].ram.r                 |blk_mem_gen_prim_width__parameterized87        |     2|
|180   |            \prim_init.ram                   |blk_mem_gen_prim_wrapper_init__parameterized87 |     2|
|181   |          \ramloop[89].ram.r                 |blk_mem_gen_prim_width__parameterized88        |     3|
|182   |            \prim_init.ram                   |blk_mem_gen_prim_wrapper_init__parameterized88 |     3|
|183   |          \ramloop[8].ram.r                  |blk_mem_gen_prim_width__parameterized7         |     3|
|184   |            \prim_init.ram                   |blk_mem_gen_prim_wrapper_init__parameterized7  |     3|
|185   |          \ramloop[90].ram.r                 |blk_mem_gen_prim_width__parameterized89        |     2|
|186   |            \prim_init.ram                   |blk_mem_gen_prim_wrapper_init__parameterized89 |     2|
|187   |          \ramloop[91].ram.r                 |blk_mem_gen_prim_width__parameterized90        |     3|
|188   |            \prim_init.ram                   |blk_mem_gen_prim_wrapper_init__parameterized90 |     3|
|189   |          \ramloop[9].ram.r                  |blk_mem_gen_prim_width__parameterized8         |     3|
|190   |            \prim_init.ram                   |blk_mem_gen_prim_wrapper_init__parameterized8  |     3|
+------+---------------------------------------------+-----------------------------------------------+------+
---------------------------------------------------------------------------------
Finished Writing Synthesis Report : Time (s): cpu = 00:05:34 ; elapsed = 00:05:47 . Memory (MB): peak = 1129.555 ; gain = 778.680
---------------------------------------------------------------------------------
Synthesis finished with 0 errors, 0 critical warnings and 6385 warnings.
Synthesis Optimization Runtime : Time (s): cpu = 00:00:26 ; elapsed = 00:05:34 . Memory (MB): peak = 1129.555 ; gain = 778.680
Synthesis Optimization Complete : Time (s): cpu = 00:05:34 ; elapsed = 00:05:47 . Memory (MB): peak = 1129.555 ; gain = 778.680
INFO: [Project 1-571] Translating synthesized netlist
INFO: [Netlist 29-17] Analyzing 233 Unisim elements for replacement
INFO: [Netlist 29-28] Unisim Transformation completed in 0 CPU seconds
INFO: [Project 1-570] Preparing netlist for logic optimization
INFO: [Opt 31-138] Pushed 0 inverter(s) to 0 load pin(s).
INFO: [Project 1-111] Unisim Transformation Summary:
No Unisim elements were transformed.

INFO: [Common 17-83] Releasing license: Synthesis
43 Infos, 100 Warnings, 0 Critical Warnings and 0 Errors encountered.
synth_design completed successfully
synth_design: Time (s): cpu = 00:05:38 ; elapsed = 00:05:52 . Memory (MB): peak = 1144.617 ; gain = 805.215
INFO: [Common 17-1381] The checkpoint 'E:/Verilog Project/Architecture/MCPU/MCPU.runs/VRAM_synth_1/VRAM.dcp' has been generated.
